[INFO] Scanning for projects...
[INFO] ------------------------------------------------------------------------
[INFO] Reactor Build Order:
[INFO] 
[INFO] Apache Phoenix
[INFO] Phoenix Core
[INFO] Phoenix - Flume
[INFO] Phoenix - Pig
[INFO] Phoenix Query Server Client
[INFO] Phoenix Query Server
[INFO] Phoenix - Pherf
[INFO] Phoenix - Spark
[INFO] Phoenix - Hive
[INFO] Phoenix Client
[INFO] Phoenix Server
[INFO] Phoenix Assembly
[INFO] Phoenix - Tracing Web Application
[INFO]                                                                         
[INFO] ------------------------------------------------------------------------
[INFO] Building Apache Phoenix 4.8.0-HBase-1.2-SNAPSHOT
[INFO] ------------------------------------------------------------------------
[INFO] 
[INFO] --- maven-clean-plugin:2.5:clean (default-clean) @ phoenix ---
[INFO] Deleting /Users/prakul.agarwal/Documents/works/prPhoenix/target
[INFO] 
[INFO] --- maven-checkstyle-plugin:2.13:check (validate) @ phoenix ---
[INFO] 
[INFO] --- maven-remote-resources-plugin:1.5:process (default) @ phoenix ---
[INFO] 
[INFO] --- maven-source-plugin:2.2.1:jar-no-fork (attach-sources) @ phoenix ---
[INFO] 
[INFO] --- maven-jar-plugin:2.4:test-jar (default) @ phoenix ---
[WARNING] JAR will be empty - no content was marked for inclusion!
[INFO] Building jar: /Users/prakul.agarwal/Documents/works/prPhoenix/target/phoenix-4.8.0-HBase-1.2-SNAPSHOT-tests.jar
[INFO] 
[INFO] --- maven-site-plugin:3.2:attach-descriptor (attach-descriptor) @ phoenix ---
[INFO] 
[INFO] --- maven-install-plugin:2.5.2:install (default-install) @ phoenix ---
[INFO] Installing /Users/prakul.agarwal/Documents/works/prPhoenix/pom.xml to /Users/prakul.agarwal/.m2/repository/org/apache/phoenix/phoenix/4.8.0-HBase-1.2-SNAPSHOT/phoenix-4.8.0-HBase-1.2-SNAPSHOT.pom
[INFO] Installing /Users/prakul.agarwal/Documents/works/prPhoenix/target/phoenix-4.8.0-HBase-1.2-SNAPSHOT-tests.jar to /Users/prakul.agarwal/.m2/repository/org/apache/phoenix/phoenix/4.8.0-HBase-1.2-SNAPSHOT/phoenix-4.8.0-HBase-1.2-SNAPSHOT-tests.jar
[INFO]                                                                         
[INFO] ------------------------------------------------------------------------
[INFO] Building Phoenix Core 4.8.0-HBase-1.2-SNAPSHOT
[INFO] ------------------------------------------------------------------------
[INFO] 
[INFO] --- maven-clean-plugin:2.5:clean (default-clean) @ phoenix-core ---
[INFO] Deleting /Users/prakul.agarwal/Documents/works/prPhoenix/phoenix-core/target
[INFO] 
[INFO] --- maven-checkstyle-plugin:2.13:check (validate) @ phoenix-core ---
[INFO] 
[INFO] --- build-helper-maven-plugin:1.9.1:add-test-source (add-test-source) @ phoenix-core ---
[INFO] Test Source directory: /Users/prakul.agarwal/Documents/works/prPhoenix/phoenix-core/src/it/java added.
[INFO] 
[INFO] --- build-helper-maven-plugin:1.9.1:add-test-resource (add-test-resource) @ phoenix-core ---
[INFO] 
[INFO] --- build-helper-maven-plugin:1.9.1:add-source (add-source) @ phoenix-core ---
[INFO] Source directory: /Users/prakul.agarwal/Documents/works/prPhoenix/phoenix-core/target/generated-sources/antlr3 added.
[INFO] Source directory: /Users/prakul.agarwal/Documents/works/prPhoenix/phoenix-core/src/main/antlr3 added.
[INFO] 
[INFO] --- antlr3-maven-plugin:3.5.2:antlr (default) @ phoenix-core ---
[INFO] ANTLR: Processing source directory /Users/prakul.agarwal/Documents/works/prPhoenix/phoenix-core/src/main/antlr3
Output file /Users/prakul.agarwal/Documents/works/prPhoenix/phoenix-core/target/generated-sources/antlr3/org/apache/phoenix/parse/PhoenixSQLParser.java does not exist: must build /Users/prakul.agarwal/Documents/works/prPhoenix/phoenix-core/src/main/antlr3/PhoenixSQL.g
PhoenixSQL.g
[INFO] 
[INFO] --- maven-dependency-plugin:2.1:build-classpath (create-phoenix-generated-classpath) @ phoenix-core ---
[INFO] Wrote classpath file '/Users/prakul.agarwal/Documents/works/prPhoenix/phoenix-core/target/cached_classpath.txt'.
[INFO] 
[INFO] --- maven-remote-resources-plugin:1.5:process (default) @ phoenix-core ---
[INFO] 
[INFO] --- maven-resources-plugin:2.6:resources (default-resources) @ phoenix-core ---
[INFO] Using 'UTF-8' encoding to copy filtered resources.
[INFO] Copying 1 resource to META-INF/services
[INFO] Copying 3 resources
[INFO] 
[INFO] --- maven-compiler-plugin:3.0:compile (default-compile) @ phoenix-core ---
[INFO] Changes detected - recompiling the module!
[INFO] Compiling 951 source files to /Users/prakul.agarwal/Documents/works/prPhoenix/phoenix-core/target/classes
[WARNING] /Users/prakul.agarwal/Documents/works/prPhoenix/phoenix-core/src/main/java/org/apache/phoenix/execute/DescVarLengthFastByteComparisons.java:[25,16] sun.misc.Unsafe is internal proprietary API and may be removed in a future release
[WARNING] /Users/prakul.agarwal/Documents/works/prPhoenix/phoenix-core/src/main/java/org/apache/phoenix/execute/DescVarLengthFastByteComparisons.java:[116,26] sun.misc.Unsafe is internal proprietary API and may be removed in a future release
[WARNING] /Users/prakul.agarwal/Documents/works/prPhoenix/phoenix-core/src/main/java/org/apache/phoenix/execute/DescVarLengthFastByteComparisons.java:[122,30] sun.misc.Unsafe is internal proprietary API and may be removed in a future release
[WARNING] /Users/prakul.agarwal/Documents/works/prPhoenix/phoenix-core/src/main/java/org/apache/phoenix/execute/DescVarLengthFastByteComparisons.java:[126,39] sun.misc.Unsafe is internal proprietary API and may be removed in a future release
[WARNING] /Users/prakul.agarwal/Documents/works/prPhoenix/phoenix-core/src/main/java/org/apache/phoenix/query/ConnectionQueryServices.java: Some input files use or override a deprecated API.
[WARNING] /Users/prakul.agarwal/Documents/works/prPhoenix/phoenix-core/src/main/java/org/apache/phoenix/query/ConnectionQueryServices.java: Recompile with -Xlint:deprecation for details.
[WARNING] /Users/prakul.agarwal/Documents/works/prPhoenix/phoenix-core/src/main/java/org/apache/phoenix/jdbc/PhoenixStatement.java: Some input files use unchecked or unsafe operations.
[WARNING] /Users/prakul.agarwal/Documents/works/prPhoenix/phoenix-core/src/main/java/org/apache/phoenix/jdbc/PhoenixStatement.java: Recompile with -Xlint:unchecked for details.
[INFO] 
[INFO] --- maven-dependency-plugin:2.1:build-classpath (create-mrapp-generated-classpath) @ phoenix-core ---
[INFO] Wrote classpath file '/Users/prakul.agarwal/Documents/works/prPhoenix/phoenix-core/target/classes/mrapp-generated-classpath'.
[INFO] 
[INFO] --- maven-resources-plugin:2.6:testResources (default-testResources) @ phoenix-core ---
[INFO] Using 'UTF-8' encoding to copy filtered resources.
[INFO] Copying 2 resources
[INFO] Copying 2 resources
[INFO] Copying 3 resources
[INFO] 
[INFO] --- maven-compiler-plugin:3.0:testCompile (default-testCompile) @ phoenix-core ---
[INFO] Changes detected - recompiling the module!
[INFO] Compiling 406 source files to /Users/prakul.agarwal/Documents/works/prPhoenix/phoenix-core/target/test-classes
[WARNING] /Users/prakul.agarwal/Documents/works/prPhoenix/phoenix-core/src/test/java/org/apache/phoenix/util/TestUtil.java: Some input files use or override a deprecated API.
[WARNING] /Users/prakul.agarwal/Documents/works/prPhoenix/phoenix-core/src/test/java/org/apache/phoenix/util/TestUtil.java: Recompile with -Xlint:deprecation for details.
[WARNING] /Users/prakul.agarwal/Documents/works/prPhoenix/phoenix-core/src/test/java/org/apache/phoenix/query/BaseTest.java: Some input files use unchecked or unsafe operations.
[WARNING] /Users/prakul.agarwal/Documents/works/prPhoenix/phoenix-core/src/test/java/org/apache/phoenix/query/BaseTest.java: Recompile with -Xlint:unchecked for details.
[INFO] 
[INFO] --- maven-surefire-plugin:2.19.1:test (default-test) @ phoenix-core ---

-------------------------------------------------------
 T E S T S
-------------------------------------------------------
Java HotSpot(TM) 64-Bit Server VM warning: ignoring option MaxPermSize=128m; support was removed in 8.0
Java HotSpot(TM) 64-Bit Server VM warning: ignoring option MaxPermSize=128m; support was removed in 8.0
Java HotSpot(TM) 64-Bit Server VM warning: ignoring option MaxPermSize=128m; support was removed in 8.0
Running org.apache.hadoop.hbase.ipc.PhoenixIndexRpcSchedulerTest
Running org.apache.hadoop.hbase.regionserver.PhoenixRpcSchedulerFactoryTest
Running org.apache.phoenix.cache.JodaTimezoneCacheTest
Tests run: 2, Failures: 0, Errors: 0, Skipped: 0, Time elapsed: 0.226 sec - in org.apache.hadoop.hbase.regionserver.PhoenixRpcSchedulerFactoryTest
Running org.apache.phoenix.cache.TenantCacheTest
Tests run: 2, Failures: 0, Errors: 0, Skipped: 0, Time elapsed: 0.078 sec - in org.apache.phoenix.cache.TenantCacheTest
Running org.apache.phoenix.compile.HavingCompilerTest
Tests run: 4, Failures: 0, Errors: 0, Skipped: 0, Time elapsed: 0.463 sec - in org.apache.phoenix.cache.JodaTimezoneCacheTest
Running org.apache.phoenix.compile.JoinQueryCompilerTest
Tests run: 2, Failures: 0, Errors: 0, Skipped: 0, Time elapsed: 1.49 sec - in org.apache.hadoop.hbase.ipc.PhoenixIndexRpcSchedulerTest
Running org.apache.phoenix.compile.LimitCompilerTest
Tests run: 11, Failures: 0, Errors: 0, Skipped: 0, Time elapsed: 1.95 sec - in org.apache.phoenix.compile.HavingCompilerTest
Running org.apache.phoenix.compile.QueryCompilerTest
Tests run: 2, Failures: 0, Errors: 0, Skipped: 0, Time elapsed: 2.105 sec - in org.apache.phoenix.compile.JoinQueryCompilerTest
Running org.apache.phoenix.compile.QueryMetaDataTest
Tests run: 33, Failures: 0, Errors: 0, Skipped: 0, Time elapsed: 0.362 sec - in org.apache.phoenix.compile.QueryMetaDataTest
Running org.apache.phoenix.compile.QueryOptimizerTest
Tests run: 6, Failures: 0, Errors: 0, Skipped: 0, Time elapsed: 1.457 sec - in org.apache.phoenix.compile.LimitCompilerTest
Running org.apache.phoenix.compile.ScanRangesIntersectTest
Tests run: 1, Failures: 0, Errors: 0, Skipped: 0, Time elapsed: 0.002 sec - in org.apache.phoenix.compile.ScanRangesIntersectTest
Running org.apache.phoenix.compile.ScanRangesTest
Tests run: 34, Failures: 0, Errors: 0, Skipped: 0, Time elapsed: 0.046 sec - in org.apache.phoenix.compile.ScanRangesTest
Running org.apache.phoenix.compile.SelectStatementRewriterTest
Tests run: 5, Failures: 0, Errors: 0, Skipped: 0, Time elapsed: 0.324 sec - in org.apache.phoenix.compile.SelectStatementRewriterTest
Running org.apache.phoenix.compile.StatementHintsCompilationTest
Tests run: 4, Failures: 0, Errors: 0, Skipped: 0, Time elapsed: 0.472 sec - in org.apache.phoenix.compile.StatementHintsCompilationTest
Running org.apache.phoenix.compile.TenantSpecificViewIndexCompileTest
Tests run: 122, Failures: 0, Errors: 0, Skipped: 0, Time elapsed: 1.552 sec - in org.apache.phoenix.compile.QueryCompilerTest
Running org.apache.phoenix.compile.ViewCompilerTest
Tests run: 3, Failures: 0, Errors: 0, Skipped: 0, Time elapsed: 0.314 sec - in org.apache.phoenix.compile.ViewCompilerTest
Running org.apache.phoenix.compile.WhereCompilerTest
Tests run: 42, Failures: 0, Errors: 0, Skipped: 0, Time elapsed: 1.266 sec - in org.apache.phoenix.compile.QueryOptimizerTest
Running org.apache.phoenix.compile.WhereOptimizerTest
Tests run: 6, Failures: 0, Errors: 0, Skipped: 0, Time elapsed: 0.669 sec - in org.apache.phoenix.compile.TenantSpecificViewIndexCompileTest
Running org.apache.phoenix.execute.CorrelatePlanTest
Tests run: 45, Failures: 0, Errors: 0, Skipped: 1, Time elapsed: 0.369 sec - in org.apache.phoenix.compile.WhereCompilerTest
Running org.apache.phoenix.execute.DescVarLengthFastByteComparisonsTest
Tests run: 2, Failures: 0, Errors: 0, Skipped: 0, Time elapsed: 0.007 sec - in org.apache.phoenix.execute.DescVarLengthFastByteComparisonsTest
Running org.apache.phoenix.execute.LiteralResultIteratorPlanTest
Tests run: 6, Failures: 0, Errors: 0, Skipped: 0, Time elapsed: 0.156 sec - in org.apache.phoenix.execute.CorrelatePlanTest
Running org.apache.phoenix.execute.MutationStateTest
Tests run: 1, Failures: 0, Errors: 0, Skipped: 0, Time elapsed: 0.001 sec - in org.apache.phoenix.execute.MutationStateTest
Running org.apache.phoenix.execute.UnnestArrayPlanTest
Tests run: 6, Failures: 0, Errors: 0, Skipped: 0, Time elapsed: 0.006 sec - in org.apache.phoenix.execute.UnnestArrayPlanTest
Running org.apache.phoenix.expression.AbsFunctionTest
Tests run: 3, Failures: 0, Errors: 0, Skipped: 0, Time elapsed: 0.105 sec - in org.apache.phoenix.execute.LiteralResultIteratorPlanTest
Running org.apache.phoenix.expression.ArithmeticOperationTest
Tests run: 6, Failures: 0, Errors: 0, Skipped: 0, Time elapsed: 0.009 sec - in org.apache.phoenix.expression.ArithmeticOperationTest
Running org.apache.phoenix.expression.ArrayAppendFunctionTest
Tests run: 1, Failures: 0, Errors: 0, Skipped: 0, Time elapsed: 0.021 sec - in org.apache.phoenix.expression.AbsFunctionTest
Running org.apache.phoenix.expression.ArrayConcatFunctionTest
Tests run: 105, Failures: 0, Errors: 0, Skipped: 0, Time elapsed: 0.668 sec - in org.apache.phoenix.compile.WhereOptimizerTest
Running org.apache.phoenix.expression.ArrayFillFunctionTest
Tests run: 14, Failures: 0, Errors: 0, Skipped: 0, Time elapsed: 0.026 sec - in org.apache.phoenix.expression.ArrayFillFunctionTest
Running org.apache.phoenix.expression.ArrayPrependFunctionTest
Tests run: 25, Failures: 0, Errors: 0, Skipped: 0, Time elapsed: 0.259 sec - in org.apache.phoenix.expression.ArrayAppendFunctionTest
Running org.apache.phoenix.expression.ArrayToStringFunctionTest
Tests run: 24, Failures: 0, Errors: 0, Skipped: 0, Time elapsed: 0.016 sec - in org.apache.phoenix.expression.ArrayToStringFunctionTest
Running org.apache.phoenix.expression.CbrtFunctionTest
Tests run: 1, Failures: 0, Errors: 0, Skipped: 0, Time elapsed: 0.006 sec - in org.apache.phoenix.expression.CbrtFunctionTest
Running org.apache.phoenix.expression.CoerceExpressionTest
Tests run: 5, Failures: 0, Errors: 0, Skipped: 0, Time elapsed: 0.003 sec - in org.apache.phoenix.expression.CoerceExpressionTest
Running org.apache.phoenix.expression.ColumnExpressionTest
Tests run: 4, Failures: 0, Errors: 0, Skipped: 0, Time elapsed: 0.001 sec - in org.apache.phoenix.expression.ColumnExpressionTest
Running org.apache.phoenix.expression.DeterminismTest
Tests run: 1, Failures: 0, Errors: 0, Skipped: 0, Time elapsed: 0.001 sec - in org.apache.phoenix.expression.DeterminismTest
Running org.apache.phoenix.expression.ExpFunctionTest
Tests run: 1, Failures: 0, Errors: 0, Skipped: 0, Time elapsed: 0.007 sec - in org.apache.phoenix.expression.ExpFunctionTest
Running org.apache.phoenix.expression.function.BuiltinFunctionConstructorTest
Tests run: 2, Failures: 0, Errors: 0, Skipped: 0, Time elapsed: 0.042 sec - in org.apache.phoenix.expression.function.BuiltinFunctionConstructorTest
Running org.apache.phoenix.expression.function.ExternalSqlTypeIdFunctionTest
Tests run: 3, Failures: 0, Errors: 0, Skipped: 0, Time elapsed: 0.001 sec - in org.apache.phoenix.expression.function.ExternalSqlTypeIdFunctionTest
Running org.apache.phoenix.expression.function.InstrFunctionTest
Tests run: 1, Failures: 0, Errors: 0, Skipped: 0, Time elapsed: 0.001 sec - in org.apache.phoenix.expression.function.InstrFunctionTest
Running org.apache.phoenix.expression.GetSetByteBitFunctionTest
Tests run: 37, Failures: 0, Errors: 0, Skipped: 0, Time elapsed: 0.244 sec - in org.apache.phoenix.expression.ArrayPrependFunctionTest
Running org.apache.phoenix.expression.ILikeExpressionTest
Tests run: 3, Failures: 0, Errors: 0, Skipped: 0, Time elapsed: 0.155 sec - in org.apache.phoenix.expression.ILikeExpressionTest
Running org.apache.phoenix.expression.LikeExpressionTest
Tests run: 4, Failures: 0, Errors: 0, Skipped: 0, Time elapsed: 0.008 sec - in org.apache.phoenix.expression.LikeExpressionTest
Running org.apache.phoenix.expression.LnLogFunctionTest
Tests run: 35, Failures: 0, Errors: 0, Skipped: 0, Time elapsed: 0.665 sec - in org.apache.phoenix.expression.ArrayConcatFunctionTest
Running org.apache.phoenix.expression.NullValueTest
Tests run: 1, Failures: 0, Errors: 0, Skipped: 0, Time elapsed: 0.017 sec - in org.apache.phoenix.expression.LnLogFunctionTest
Running org.apache.phoenix.expression.OctetLengthFunctionTest
Tests run: 1, Failures: 0, Errors: 0, Skipped: 0, Time elapsed: 0.007 sec - in org.apache.phoenix.expression.OctetLengthFunctionTest
Running org.apache.phoenix.expression.PowerFunctionTest
Tests run: 1, Failures: 0, Errors: 0, Skipped: 0, Time elapsed: 0.007 sec - in org.apache.phoenix.expression.PowerFunctionTest
Running org.apache.phoenix.expression.RegexpReplaceFunctionTest
Tests run: 1, Failures: 0, Errors: 0, Skipped: 0, Time elapsed: 0.009 sec - in org.apache.phoenix.expression.RegexpReplaceFunctionTest
Running org.apache.phoenix.expression.RegexpSplitFunctionTest
Tests run: 1, Failures: 0, Errors: 0, Skipped: 0, Time elapsed: 0.008 sec - in org.apache.phoenix.expression.RegexpSplitFunctionTest
Running org.apache.phoenix.expression.RegexpSubstrFunctionTest
Tests run: 1, Failures: 0, Errors: 0, Skipped: 0, Time elapsed: 0.003 sec - in org.apache.phoenix.expression.RegexpSubstrFunctionTest
Running org.apache.phoenix.expression.RoundFloorCeilExpressionsTest
Tests run: 2, Failures: 0, Errors: 0, Skipped: 0, Time elapsed: 0.419 sec - in org.apache.phoenix.expression.GetSetByteBitFunctionTest
Running org.apache.phoenix.expression.SignFunctionTest
Tests run: 1, Failures: 0, Errors: 0, Skipped: 0, Time elapsed: 0.01 sec - in org.apache.phoenix.expression.SignFunctionTest
Running org.apache.phoenix.expression.SortOrderExpressionTest
Tests run: 3, Failures: 0, Errors: 0, Skipped: 0, Time elapsed: 0.164 sec - in org.apache.phoenix.expression.NullValueTest
Running org.apache.phoenix.expression.SqrtFunctionTest
Tests run: 1, Failures: 0, Errors: 0, Skipped: 0, Time elapsed: 0.005 sec - in org.apache.phoenix.expression.SqrtFunctionTest
Running org.apache.phoenix.expression.StringToArrayFunctionTest
Tests run: 20, Failures: 0, Errors: 0, Skipped: 0, Time elapsed: 0.007 sec - in org.apache.phoenix.expression.StringToArrayFunctionTest
Running org.apache.phoenix.expression.util.regex.PatternPerformanceTest
Tests run: 1, Failures: 0, Errors: 0, Skipped: 0, Time elapsed: 0.003 sec - in org.apache.phoenix.expression.util.regex.PatternPerformanceTest
Running org.apache.phoenix.filter.DistinctPrefixFilterTest
Tests run: 8, Failures: 0, Errors: 0, Skipped: 0, Time elapsed: 0.012 sec - in org.apache.phoenix.filter.DistinctPrefixFilterTest
Running org.apache.phoenix.filter.SkipScanBigFilterTest
Tests run: 22, Failures: 0, Errors: 0, Skipped: 0, Time elapsed: 0.184 sec - in org.apache.phoenix.expression.RoundFloorCeilExpressionsTest
Running org.apache.phoenix.filter.SkipScanFilterIntersectTest
Tests run: 24, Failures: 0, Errors: 0, Skipped: 0, Time elapsed: 0.151 sec - in org.apache.phoenix.expression.SortOrderExpressionTest
Running org.apache.phoenix.filter.SkipScanFilterTest
Tests run: 19, Failures: 0, Errors: 0, Skipped: 0, Time elapsed: 0.027 sec - in org.apache.phoenix.filter.SkipScanFilterIntersectTest
Running org.apache.phoenix.hbase.index.covered.data.TestIndexMemStore
Tests run: 2, Failures: 0, Errors: 0, Skipped: 0, Time elapsed: 0.011 sec - in org.apache.phoenix.hbase.index.covered.data.TestIndexMemStore
Running org.apache.phoenix.hbase.index.covered.example.TestColumnTracker
Tests run: 3, Failures: 0, Errors: 0, Skipped: 0, Time elapsed: 0.005 sec - in org.apache.phoenix.hbase.index.covered.example.TestColumnTracker
Running org.apache.phoenix.hbase.index.covered.example.TestCoveredColumnIndexCodec
Tests run: 15, Failures: 0, Errors: 0, Skipped: 0, Time elapsed: 0.036 sec - in org.apache.phoenix.filter.SkipScanFilterTest
Running org.apache.phoenix.hbase.index.covered.example.TestCoveredIndexSpecifierBuilder
Tests run: 1, Failures: 0, Errors: 0, Skipped: 0, Time elapsed: 0.005 sec - in org.apache.phoenix.hbase.index.covered.example.TestCoveredIndexSpecifierBuilder
Running org.apache.phoenix.hbase.index.covered.filter.TestApplyAndFilterDeletesFilter
Tests run: 6, Failures: 0, Errors: 0, Skipped: 0, Time elapsed: 0.02 sec - in org.apache.phoenix.hbase.index.covered.filter.TestApplyAndFilterDeletesFilter
Running org.apache.phoenix.hbase.index.covered.filter.TestNewerTimestampFilter
Tests run: 1, Failures: 0, Errors: 0, Skipped: 0, Time elapsed: 0.002 sec - in org.apache.phoenix.hbase.index.covered.filter.TestNewerTimestampFilter
Running org.apache.phoenix.hbase.index.covered.TestCoveredColumns
Tests run: 1, Failures: 0, Errors: 0, Skipped: 0, Time elapsed: 0.002 sec - in org.apache.phoenix.hbase.index.covered.TestCoveredColumns
Running org.apache.phoenix.hbase.index.covered.TestLocalTableState
Tests run: 2, Failures: 0, Errors: 0, Skipped: 0, Time elapsed: 0.245 sec - in org.apache.phoenix.filter.SkipScanBigFilterTest
Running org.apache.phoenix.hbase.index.covered.update.TestIndexUpdateManager
Tests run: 2, Failures: 0, Errors: 0, Skipped: 0, Time elapsed: 0.005 sec - in org.apache.phoenix.hbase.index.covered.update.TestIndexUpdateManager
Running org.apache.phoenix.hbase.index.parallel.TestThreadPoolBuilder
Tests run: 2, Failures: 0, Errors: 0, Skipped: 0, Time elapsed: 0.005 sec - in org.apache.phoenix.hbase.index.parallel.TestThreadPoolBuilder
Running org.apache.phoenix.hbase.index.parallel.TestThreadPoolManager
Tests run: 3, Failures: 0, Errors: 0, Skipped: 0, Time elapsed: 0.007 sec - in org.apache.phoenix.hbase.index.parallel.TestThreadPoolManager
Running org.apache.phoenix.hbase.index.util.TestIndexManagementUtil
Tests run: 3, Failures: 0, Errors: 0, Skipped: 0, Time elapsed: 0.017 sec - in org.apache.phoenix.hbase.index.util.TestIndexManagementUtil
Running org.apache.phoenix.hbase.index.write.recovery.TestPerRegionIndexWriteCache
Tests run: 3, Failures: 0, Errors: 0, Skipped: 0, Time elapsed: 0.227 sec - in org.apache.phoenix.hbase.index.covered.example.TestCoveredColumnIndexCodec
Running org.apache.phoenix.hbase.index.write.TestCachingHTableFactory
Tests run: 1, Failures: 0, Errors: 0, Skipped: 0, Time elapsed: 0.049 sec - in org.apache.phoenix.hbase.index.write.TestCachingHTableFactory
Running org.apache.phoenix.hbase.index.write.TestIndexWriter
Tests run: 3, Failures: 0, Errors: 0, Skipped: 0, Time elapsed: 0.261 sec - in org.apache.phoenix.hbase.index.covered.TestLocalTableState
Running org.apache.phoenix.hbase.index.write.TestParalleIndexWriter
Tests run: 5, Failures: 0, Errors: 0, Skipped: 0, Time elapsed: 0.053 sec - in org.apache.phoenix.hbase.index.write.TestIndexWriter
Running org.apache.phoenix.hbase.index.write.TestParalleWriterIndexCommitter
Tests run: 2, Failures: 0, Errors: 0, Skipped: 0, Time elapsed: 0.01 sec - in org.apache.phoenix.hbase.index.write.TestParalleWriterIndexCommitter
Running org.apache.phoenix.hbase.index.write.TestWALRecoveryCaching
Tests run: 1, Failures: 0, Errors: 0, Skipped: 1, Time elapsed: 0.005 sec - in org.apache.phoenix.hbase.index.write.TestWALRecoveryCaching
Running org.apache.phoenix.index.automated.MRJobSubmitterTest
Tests run: 2, Failures: 0, Errors: 0, Skipped: 0, Time elapsed: 0.095 sec - in org.apache.phoenix.hbase.index.write.TestParalleIndexWriter
Running org.apache.phoenix.index.IndexMaintainerTest
Tests run: 5, Failures: 0, Errors: 0, Skipped: 0, Time elapsed: 0.09 sec - in org.apache.phoenix.index.automated.MRJobSubmitterTest
Running org.apache.phoenix.iterate.AggregateResultScannerTest
Tests run: 1, Failures: 0, Errors: 0, Skipped: 0, Time elapsed: 0.158 sec - in org.apache.phoenix.iterate.AggregateResultScannerTest
Running org.apache.phoenix.iterate.ConcatResultIteratorTest
Tests run: 2, Failures: 0, Errors: 0, Skipped: 0, Time elapsed: 0.007 sec - in org.apache.phoenix.iterate.ConcatResultIteratorTest
Running org.apache.phoenix.iterate.MergeSortResultIteratorTest
Tests run: 2, Failures: 0, Errors: 0, Skipped: 0, Time elapsed: 0.002 sec - in org.apache.phoenix.iterate.MergeSortResultIteratorTest
Running org.apache.phoenix.iterate.RowKeyOrderedAggregateResultIteratorTest
Tests run: 4, Failures: 0, Errors: 0, Skipped: 0, Time elapsed: 0.102 sec - in org.apache.phoenix.iterate.RowKeyOrderedAggregateResultIteratorTest
Running org.apache.phoenix.iterate.SpoolingResultIteratorTest
Tests run: 3, Failures: 0, Errors: 0, Skipped: 0, Time elapsed: 0.017 sec - in org.apache.phoenix.iterate.SpoolingResultIteratorTest
Running org.apache.phoenix.jdbc.PhoenixDriverTest
Tests run: 3, Failures: 0, Errors: 0, Skipped: 0, Time elapsed: 0.672 sec - in org.apache.phoenix.hbase.index.write.recovery.TestPerRegionIndexWriteCache
Running org.apache.phoenix.jdbc.PhoenixEmbeddedDriverTest
Tests run: 24, Failures: 0, Errors: 0, Skipped: 0, Time elapsed: 0.458 sec - in org.apache.phoenix.index.IndexMaintainerTest
Running org.apache.phoenix.jdbc.PhoenixPreparedStatementTest
Tests run: 3, Failures: 0, Errors: 0, Skipped: 0, Time elapsed: 0.106 sec - in org.apache.phoenix.jdbc.PhoenixEmbeddedDriverTest
Running org.apache.phoenix.jdbc.PhoenixResultSetMetadataTest
Tests run: 6, Failures: 0, Errors: 0, Skipped: 0, Time elapsed: 0.252 sec - in org.apache.phoenix.jdbc.PhoenixDriverTest
Running org.apache.phoenix.jdbc.ReadOnlyPropertiesTest
Tests run: 4, Failures: 0, Errors: 0, Skipped: 0, Time elapsed: 0.001 sec - in org.apache.phoenix.jdbc.ReadOnlyPropertiesTest
Running org.apache.phoenix.mapreduce.bulkload.TestTableRowkeyPair
Tests run: 1, Failures: 0, Errors: 0, Skipped: 0, Time elapsed: 0.004 sec - in org.apache.phoenix.mapreduce.bulkload.TestTableRowkeyPair
Running org.apache.phoenix.mapreduce.BulkLoadToolTest
Tests run: 11, Failures: 0, Errors: 0, Skipped: 0, Time elapsed: 0.141 sec - in org.apache.phoenix.jdbc.PhoenixPreparedStatementTest
Running org.apache.phoenix.mapreduce.CsvBulkImportUtilTest
Tests run: 12, Failures: 0, Errors: 0, Skipped: 0, Time elapsed: 0.023 sec - in org.apache.phoenix.mapreduce.BulkLoadToolTest
Running org.apache.phoenix.mapreduce.CsvToKeyValueMapperTest
Tests run: 2, Failures: 0, Errors: 0, Skipped: 0, Time elapsed: 0.013 sec - in org.apache.phoenix.mapreduce.CsvToKeyValueMapperTest
Running org.apache.phoenix.mapreduce.FormatToBytesWritableMapperTest
Tests run: 1, Failures: 0, Errors: 0, Skipped: 0, Time elapsed: 0.157 sec - in org.apache.phoenix.jdbc.PhoenixResultSetMetadataTest
Running org.apache.phoenix.mapreduce.util.ColumnInfoToStringEncoderDecoderTest
Tests run: 5, Failures: 0, Errors: 0, Skipped: 0, Time elapsed: 0.166 sec - in org.apache.phoenix.mapreduce.FormatToBytesWritableMapperTest
Running org.apache.phoenix.mapreduce.util.PhoenixConfigurationUtilTest
Tests run: 2, Failures: 0, Errors: 0, Skipped: 0, Time elapsed: 0.086 sec - in org.apache.phoenix.mapreduce.util.ColumnInfoToStringEncoderDecoderTest
Running org.apache.phoenix.memory.MemoryManagerTest
Tests run: 5, Failures: 0, Errors: 0, Skipped: 0, Time elapsed: 0.235 sec - in org.apache.phoenix.mapreduce.CsvBulkImportUtilTest
Running org.apache.phoenix.parse.BuiltInFunctionInfoTest
Tests run: 6, Failures: 0, Errors: 0, Skipped: 3, Time elapsed: 0.037 sec - in org.apache.phoenix.memory.MemoryManagerTest
Running org.apache.phoenix.parse.CastParseNodeTest
Tests run: 3, Failures: 0, Errors: 0, Skipped: 0, Time elapsed: 0.003 sec - in org.apache.phoenix.parse.BuiltInFunctionInfoTest
Tests run: 3, Failures: 0, Errors: 0, Skipped: 0, Time elapsed: 0.001 sec - in org.apache.phoenix.parse.CastParseNodeTest
Running org.apache.phoenix.query.ConnectionlessTest
Running org.apache.phoenix.parse.QueryParserTest
Tests run: 59, Failures: 0, Errors: 0, Skipped: 0, Time elapsed: 0.074 sec - in org.apache.phoenix.parse.QueryParserTest
Running org.apache.phoenix.query.HBaseFactoryProviderTest
Tests run: 3, Failures: 0, Errors: 0, Skipped: 0, Time elapsed: 0.001 sec - in org.apache.phoenix.query.HBaseFactoryProviderTest
Running org.apache.phoenix.query.KeyRangeCoalesceTest
Tests run: 13, Failures: 0, Errors: 0, Skipped: 0, Time elapsed: 0.009 sec - in org.apache.phoenix.query.KeyRangeCoalesceTest
Running org.apache.phoenix.query.KeyRangeIntersectTest
Tests run: 8, Failures: 0, Errors: 0, Skipped: 0, Time elapsed: 0.005 sec - in org.apache.phoenix.query.KeyRangeIntersectTest
Running org.apache.phoenix.query.KeyRangeUnionTest
Tests run: 8, Failures: 0, Errors: 0, Skipped: 0, Time elapsed: 0.005 sec - in org.apache.phoenix.query.KeyRangeUnionTest
Running org.apache.phoenix.query.OrderByTest
Tests run: 3, Failures: 0, Errors: 0, Skipped: 0, Time elapsed: 0.162 sec - in org.apache.phoenix.query.ConnectionlessTest
Running org.apache.phoenix.query.ParallelIteratorsSplitTest
Tests run: 4, Failures: 0, Errors: 0, Skipped: 0, Time elapsed: 0.174 sec - in org.apache.phoenix.query.OrderByTest
Running org.apache.phoenix.query.PhoenixStatsCacheRemovalListenerTest
Tests run: 1, Failures: 0, Errors: 0, Skipped: 0, Time elapsed: 0.001 sec - in org.apache.phoenix.query.PhoenixStatsCacheRemovalListenerTest
Running org.apache.phoenix.query.QueryPlanTest
Tests run: 8, Failures: 0, Errors: 0, Skipped: 0, Time elapsed: 0.253 sec - in org.apache.phoenix.query.ParallelIteratorsSplitTest
Running org.apache.phoenix.query.ScannerLeaseRenewalTest
Tests run: 9, Failures: 0, Errors: 0, Skipped: 0, Time elapsed: 0.677 sec - in org.apache.phoenix.mapreduce.util.PhoenixConfigurationUtilTest
Running org.apache.phoenix.schema.MutationTest
Tests run: 5, Failures: 0, Errors: 0, Skipped: 0, Time elapsed: 0.345 sec - in org.apache.phoenix.query.QueryPlanTest
Running org.apache.phoenix.schema.PCharPadTest
Tests run: 9, Failures: 0, Errors: 0, Skipped: 0, Time elapsed: 0.002 sec - in org.apache.phoenix.schema.PCharPadTest
Running org.apache.phoenix.schema.PMetaDataImplTest
Tests run: 5, Failures: 0, Errors: 0, Skipped: 0, Time elapsed: 0.006 sec - in org.apache.phoenix.schema.PMetaDataImplTest
Running org.apache.phoenix.schema.RowKeySchemaTest
Tests run: 1, Failures: 0, Errors: 0, Skipped: 0, Time elapsed: 0.138 sec - in org.apache.phoenix.schema.MutationTest
Running org.apache.phoenix.schema.RowKeyValueAccessorTest
Tests run: 6, Failures: 0, Errors: 0, Skipped: 0, Time elapsed: 0.204 sec - in org.apache.phoenix.schema.RowKeySchemaTest
Running org.apache.phoenix.schema.SaltingUtilTest
Tests run: 2, Failures: 0, Errors: 0, Skipped: 0, Time elapsed: 0.001 sec - in org.apache.phoenix.schema.SaltingUtilTest
Running org.apache.phoenix.schema.SchemaUtilTest
Tests run: 6, Failures: 0, Errors: 0, Skipped: 0, Time elapsed: 0.001 sec - in org.apache.phoenix.schema.SchemaUtilTest
Running org.apache.phoenix.schema.SequenceAllocationTest
Tests run: 2, Failures: 0, Errors: 0, Skipped: 0, Time elapsed: 0.001 sec - in org.apache.phoenix.schema.SequenceAllocationTest
Running org.apache.phoenix.schema.SortOrderTest
Tests run: 8, Failures: 0, Errors: 0, Skipped: 0, Time elapsed: 0.002 sec - in org.apache.phoenix.schema.SortOrderTest
Running org.apache.phoenix.schema.types.PDataTypeForArraysTest
Tests run: 68, Failures: 0, Errors: 0, Skipped: 0, Time elapsed: 0.017 sec - in org.apache.phoenix.schema.types.PDataTypeForArraysTest
Running org.apache.phoenix.schema.types.PDataTypeTest
Tests run: 1, Failures: 0, Errors: 0, Skipped: 0, Time elapsed: 0.122 sec - in org.apache.phoenix.schema.RowKeyValueAccessorTest
Running org.apache.phoenix.schema.types.PDateArrayToStringTest
Tests run: 6, Failures: 0, Errors: 0, Skipped: 0, Time elapsed: 0.006 sec - in org.apache.phoenix.schema.types.PDateArrayToStringTest
Running org.apache.phoenix.schema.types.PrimitiveBooleanPhoenixArrayToStringTest
Tests run: 6, Failures: 0, Errors: 0, Skipped: 0, Time elapsed: 0.001 sec - in org.apache.phoenix.schema.types.PrimitiveBooleanPhoenixArrayToStringTest
Running org.apache.phoenix.schema.types.PrimitiveBytePhoenixArrayToStringTest
Tests run: 6, Failures: 0, Errors: 0, Skipped: 0, Time elapsed: 0.001 sec - in org.apache.phoenix.schema.types.PrimitiveBytePhoenixArrayToStringTest
Running org.apache.phoenix.schema.types.PrimitiveDoublePhoenixArrayToStringTest
Tests run: 6, Failures: 0, Errors: 0, Skipped: 0, Time elapsed: 0.002 sec - in org.apache.phoenix.schema.types.PrimitiveDoublePhoenixArrayToStringTest
Running org.apache.phoenix.schema.types.PrimitiveFloatPhoenixArrayToStringTest
Tests run: 34, Failures: 0, Errors: 0, Skipped: 0, Time elapsed: 0.037 sec - in org.apache.phoenix.schema.types.PDataTypeTest
Tests run: 6, Failures: 0, Errors: 0, Skipped: 0, Time elapsed: 0.002 sec - in org.apache.phoenix.schema.types.PrimitiveFloatPhoenixArrayToStringTest
Running org.apache.phoenix.schema.types.PrimitiveLongPhoenixArrayToStringTest
Running org.apache.phoenix.schema.types.PrimitiveIntPhoenixArrayToStringTest
Tests run: 6, Failures: 0, Errors: 0, Skipped: 0, Time elapsed: 0.001 sec - in org.apache.phoenix.schema.types.PrimitiveLongPhoenixArrayToStringTest
Running org.apache.phoenix.schema.types.PrimitiveShortPhoenixArrayToStringTest
Tests run: 6, Failures: 0, Errors: 0, Skipped: 0, Time elapsed: 0.002 sec - in org.apache.phoenix.schema.types.PrimitiveIntPhoenixArrayToStringTest
Running org.apache.phoenix.schema.types.PVarcharArrayToStringTest
Tests run: 6, Failures: 0, Errors: 0, Skipped: 0, Time elapsed: 0.001 sec - in org.apache.phoenix.schema.types.PrimitiveShortPhoenixArrayToStringTest
Running org.apache.phoenix.schema.ValueBitSetTest
Tests run: 8, Failures: 0, Errors: 0, Skipped: 0, Time elapsed: 0.002 sec - in org.apache.phoenix.schema.types.PVarcharArrayToStringTest
Running org.apache.phoenix.trace.TraceMetricsSourceTest
Tests run: 4, Failures: 0, Errors: 0, Skipped: 0, Time elapsed: 0.005 sec - in org.apache.phoenix.schema.ValueBitSetTest
Running org.apache.phoenix.util.Base62EncoderTest
Tests run: 1, Failures: 0, Errors: 0, Skipped: 0, Time elapsed: 0.017 sec - in org.apache.phoenix.util.Base62EncoderTest
Running org.apache.phoenix.util.ByteUtilTest
Tests run: 3, Failures: 0, Errors: 0, Skipped: 0, Time elapsed: 0.012 sec - in org.apache.phoenix.util.ByteUtilTest
Running org.apache.phoenix.util.ColumnInfoTest
Tests run: 5, Failures: 0, Errors: 0, Skipped: 0, Time elapsed: 0.003 sec - in org.apache.phoenix.util.ColumnInfoTest
Running org.apache.phoenix.util.csv.CsvUpsertExecutorTest
Tests run: 3, Failures: 0, Errors: 0, Skipped: 0, Time elapsed: 0.187 sec - in org.apache.phoenix.trace.TraceMetricsSourceTest
Running org.apache.phoenix.util.csv.StringToArrayConverterTest
Tests run: 6, Failures: 0, Errors: 0, Skipped: 0, Time elapsed: 0.156 sec - in org.apache.phoenix.util.csv.CsvUpsertExecutorTest
Running org.apache.phoenix.util.DateUtilTest
Tests run: 22, Failures: 0, Errors: 0, Skipped: 0, Time elapsed: 0.008 sec - in org.apache.phoenix.util.DateUtilTest
Running org.apache.phoenix.util.IndexUtilTest
Tests run: 2, Failures: 0, Errors: 0, Skipped: 0, Time elapsed: 0.001 sec - in org.apache.phoenix.util.IndexUtilTest
Running org.apache.phoenix.util.JDBCUtilTest
Tests run: 12, Failures: 0, Errors: 0, Skipped: 0, Time elapsed: 0.002 sec - in org.apache.phoenix.util.JDBCUtilTest
Running org.apache.phoenix.util.json.JsonUpsertExecutorTest
Tests run: 5, Failures: 0, Errors: 0, Skipped: 0, Time elapsed: 0.13 sec - in org.apache.phoenix.util.json.JsonUpsertExecutorTest
Tests run: 4, Failures: 0, Errors: 0, Skipped: 0, Time elapsed: 0.157 sec - in org.apache.phoenix.util.csv.StringToArrayConverterTest
Running org.apache.phoenix.util.LogUtilTest
Running org.apache.phoenix.util.LikeExpressionTest
Tests run: 1, Failures: 0, Errors: 0, Skipped: 0, Time elapsed: 0 sec - in org.apache.phoenix.util.LikeExpressionTest
Running org.apache.phoenix.util.MetaDataUtilTest
Tests run: 4, Failures: 0, Errors: 0, Skipped: 0, Time elapsed: 0.027 sec - in org.apache.phoenix.util.MetaDataUtilTest
Running org.apache.phoenix.util.PhoenixContextExecutorTest
Tests run: 1, Failures: 0, Errors: 0, Skipped: 0, Time elapsed: 0.003 sec - in org.apache.phoenix.util.PhoenixContextExecutorTest
Running org.apache.phoenix.util.PhoenixEncodeDecodeTest
Tests run: 3, Failures: 0, Errors: 0, Skipped: 0, Time elapsed: 0.046 sec - in org.apache.phoenix.util.LogUtilTest
Running org.apache.phoenix.util.PhoenixRuntimeTest
Tests run: 4, Failures: 0, Errors: 0, Skipped: 0, Time elapsed: 0.11 sec - in org.apache.phoenix.util.PhoenixEncodeDecodeTest
Running org.apache.phoenix.util.PrefixByteEncoderDecoderTest
Tests run: 3, Failures: 0, Errors: 0, Skipped: 0, Time elapsed: 0.004 sec - in org.apache.phoenix.util.PrefixByteEncoderDecoderTest
Running org.apache.phoenix.util.PropertiesUtilTest
Tests run: 3, Failures: 0, Errors: 0, Skipped: 0, Time elapsed: 0.019 sec - in org.apache.phoenix.util.PropertiesUtilTest
Running org.apache.phoenix.util.QueryUtilTest
Tests run: 9, Failures: 0, Errors: 0, Skipped: 0, Time elapsed: 0.004 sec - in org.apache.phoenix.util.QueryUtilTest
Running org.apache.phoenix.util.ScanUtilTest
Tests run: 20, Failures: 0, Errors: 0, Skipped: 0, Time elapsed: 0.009 sec - in org.apache.phoenix.util.ScanUtilTest
Running org.apache.phoenix.util.SequenceUtilTest
Tests run: 18, Failures: 0, Errors: 0, Skipped: 0, Time elapsed: 0.003 sec - in org.apache.phoenix.util.SequenceUtilTest
Running org.apache.phoenix.util.StringUtilTest
Tests run: 5, Failures: 0, Errors: 0, Skipped: 0, Time elapsed: 0.009 sec - in org.apache.phoenix.util.StringUtilTest
Running org.apache.phoenix.util.TenantIdByteConversionTest
Tests run: 18, Failures: 0, Errors: 0, Skipped: 0, Time elapsed: 0.01 sec - in org.apache.phoenix.util.TenantIdByteConversionTest
Tests run: 11, Failures: 0, Errors: 0, Skipped: 0, Time elapsed: 0.335 sec - in org.apache.phoenix.util.PhoenixRuntimeTest
Tests run: 2, Failures: 0, Errors: 0, Skipped: 0, Time elapsed: 4.755 sec - in org.apache.phoenix.query.ScannerLeaseRenewalTest

Results :

Tests run: 1375, Failures: 0, Errors: 0, Skipped: 5

[INFO] 
[INFO] --- maven-source-plugin:2.2.1:jar-no-fork (attach-sources) @ phoenix-core ---
[INFO] Building jar: /Users/prakul.agarwal/Documents/works/prPhoenix/phoenix-core/target/phoenix-core-4.8.0-HBase-1.2-SNAPSHOT-sources.jar
[INFO] 
[INFO] --- maven-jar-plugin:2.4:test-jar (default) @ phoenix-core ---
[INFO] Building jar: /Users/prakul.agarwal/Documents/works/prPhoenix/phoenix-core/target/phoenix-core-4.8.0-HBase-1.2-SNAPSHOT-tests.jar
[INFO] 
[INFO] --- maven-jar-plugin:2.4:jar (default-jar) @ phoenix-core ---
[INFO] Building jar: /Users/prakul.agarwal/Documents/works/prPhoenix/phoenix-core/target/phoenix-core-4.8.0-HBase-1.2-SNAPSHOT.jar
[INFO] 
[INFO] --- maven-site-plugin:3.2:attach-descriptor (attach-descriptor) @ phoenix-core ---
[INFO] 
[INFO] --- maven-assembly-plugin:2.5.2:single (core) @ phoenix-core ---
[INFO] Reading assembly descriptor: src/build/phoenix-core.xml
[WARNING] Artifact: org.apache.phoenix:phoenix-core:jar:4.8.0-HBase-1.2-SNAPSHOT references the same file as the assembly destination file. Moving it to a temporary location for inclusion.
[INFO] Building jar: /Users/prakul.agarwal/Documents/works/prPhoenix/phoenix-core/target/phoenix-core-4.8.0-HBase-1.2-SNAPSHOT.jar
[INFO] 
[INFO] --- maven-failsafe-plugin:2.19.1:integration-test (HBaseManagedTimeTableReuseTest) @ phoenix-core ---

-------------------------------------------------------
 T E S T S
-------------------------------------------------------
Java HotSpot(TM) 64-Bit Server VM warning: ignoring option MaxPermSize=128m; support was removed in 8.0
Java HotSpot(TM) 64-Bit Server VM warning: ignoring option MaxPermSize=128m; support was removed in 8.0
Java HotSpot(TM) 64-Bit Server VM warning: ignoring option MaxPermSize=128m; support was removed in 8.0
Java HotSpot(TM) 64-Bit Server VM warning: ignoring option MaxPermSize=128m; support was removed in 8.0
Java HotSpot(TM) 64-Bit Server VM warning: ignoring option MaxPermSize=128m; support was removed in 8.0
Running org.apache.phoenix.end2end.ArithmeticQueryIT
Running org.apache.phoenix.end2end.AlterTableWithViewsIT
Running org.apache.phoenix.end2end.AppendOnlySchemaIT
Running org.apache.phoenix.end2end.AlterSessionIT
Running org.apache.phoenix.end2end.AbsFunctionEnd2EndIT
Tests run: 2, Failures: 0, Errors: 0, Skipped: 0, Time elapsed: 0.056 sec - in org.apache.phoenix.end2end.AlterSessionIT
Running org.apache.phoenix.end2end.ArrayAppendFunctionIT
Tests run: 1, Failures: 0, Errors: 0, Skipped: 0, Time elapsed: 2.46 sec - in org.apache.phoenix.end2end.AbsFunctionEnd2EndIT
Running org.apache.phoenix.end2end.ArrayConcatFunctionIT
Tests run: 8, Failures: 0, Errors: 0, Skipped: 0, Time elapsed: 31.432 sec - in org.apache.phoenix.end2end.AppendOnlySchemaIT
Running org.apache.phoenix.end2end.ArrayFillFunctionIT
Tests run: 26, Failures: 0, Errors: 0, Skipped: 0, Time elapsed: 15.828 sec - in org.apache.phoenix.end2end.ArrayFillFunctionIT
Running org.apache.phoenix.end2end.ArrayPrependFunctionIT
Tests run: 26, Failures: 0, Errors: 0, Skipped: 0, Time elapsed: 63.299 sec - in org.apache.phoenix.end2end.ArithmeticQueryIT
Running org.apache.phoenix.end2end.ArrayToStringFunctionIT
Tests run: 30, Failures: 0, Errors: 0, Skipped: 0, Time elapsed: 71.964 sec - in org.apache.phoenix.end2end.ArrayConcatFunctionIT
Running org.apache.phoenix.end2end.ArraysWithNullsIT
Tests run: 34, Failures: 0, Errors: 0, Skipped: 0, Time elapsed: 78.017 sec - in org.apache.phoenix.end2end.ArrayAppendFunctionIT
Running org.apache.phoenix.end2end.AutoCommitIT
Tests run: 1, Failures: 0, Errors: 0, Skipped: 0, Time elapsed: 2.267 sec - in org.apache.phoenix.end2end.AutoCommitIT
Running org.apache.phoenix.end2end.AutoPartitionViewsIT
Tests run: 36, Failures: 0, Errors: 0, Skipped: 0, Time elapsed: 22.504 sec - in org.apache.phoenix.end2end.ArrayToStringFunctionIT
Running org.apache.phoenix.end2end.BinaryRowKeyIT
Tests run: 3, Failures: 0, Errors: 0, Skipped: 0, Time elapsed: 6.759 sec - in org.apache.phoenix.end2end.BinaryRowKeyIT
Running org.apache.phoenix.end2end.CSVCommonsLoaderIT
Tests run: 16, Failures: 0, Errors: 0, Skipped: 0, Time elapsed: 35.901 sec - in org.apache.phoenix.end2end.ArraysWithNullsIT
Running org.apache.phoenix.end2end.CbrtFunctionEnd2EndIT
Tests run: 2, Failures: 0, Errors: 0, Skipped: 0, Time elapsed: 0.089 sec - in org.apache.phoenix.end2end.CbrtFunctionEnd2EndIT
Running org.apache.phoenix.end2end.CoalesceFunctionIT
Tests run: 16, Failures: 0, Errors: 0, Skipped: 0, Time elapsed: 33.859 sec - in org.apache.phoenix.end2end.CSVCommonsLoaderIT
Running org.apache.phoenix.end2end.ConvertTimezoneFunctionIT
Tests run: 34, Failures: 0, Errors: 0, Skipped: 0, Time elapsed: 79.829 sec - in org.apache.phoenix.end2end.ArrayPrependFunctionIT
Running org.apache.phoenix.end2end.DateTimeIT
Tests run: 11, Failures: 0, Errors: 0, Skipped: 0, Time elapsed: 24.701 sec - in org.apache.phoenix.end2end.CoalesceFunctionIT
Running org.apache.phoenix.end2end.DecodeFunctionIT
Tests run: 7, Failures: 0, Errors: 0, Skipped: 0, Time elapsed: 15.706 sec - in org.apache.phoenix.end2end.ConvertTimezoneFunctionIT
Running org.apache.phoenix.end2end.DeleteIT
Tests run: 12, Failures: 0, Errors: 0, Skipped: 0, Time elapsed: 66.485 sec - in org.apache.phoenix.end2end.AutoPartitionViewsIT
Running org.apache.phoenix.end2end.DisableLocalIndexIT
Tests run: 1, Failures: 0, Errors: 0, Skipped: 0, Time elapsed: 4.502 sec - in org.apache.phoenix.end2end.DisableLocalIndexIT
Tests run: 6, Failures: 0, Errors: 0, Skipped: 0, Time elapsed: 13.432 sec - in org.apache.phoenix.end2end.DecodeFunctionIT
Running org.apache.phoenix.end2end.DynamicColumnIT
Tests run: 5, Failures: 0, Errors: 0, Skipped: 0, Time elapsed: 6.464 sec - in org.apache.phoenix.end2end.DynamicColumnIT
Running org.apache.phoenix.end2end.DynamicFamilyIT
Running org.apache.phoenix.end2end.DistinctPrefixFilterIT
Tests run: 4, Failures: 0, Errors: 0, Skipped: 0, Time elapsed: 4.52 sec - in org.apache.phoenix.end2end.DynamicFamilyIT
Running org.apache.phoenix.end2end.DynamicUpsertIT
Tests run: 7, Failures: 0, Errors: 0, Skipped: 0, Time elapsed: 0.047 sec - in org.apache.phoenix.end2end.DynamicUpsertIT
Running org.apache.phoenix.end2end.EncodeFunctionIT
Tests run: 5, Failures: 0, Errors: 0, Skipped: 0, Time elapsed: 7.677 sec - in org.apache.phoenix.end2end.DistinctPrefixFilterIT
Running org.apache.phoenix.end2end.EvaluationOfORIT
Tests run: 2, Failures: 0, Errors: 0, Skipped: 0, Time elapsed: 2.271 sec - in org.apache.phoenix.end2end.EvaluationOfORIT
Running org.apache.phoenix.end2end.ExecuteStatementsIT
Tests run: 18, Failures: 0, Errors: 0, Skipped: 0, Time elapsed: 182.456 sec - in org.apache.phoenix.end2end.AlterTableWithViewsIT
Running org.apache.phoenix.end2end.ExpFunctionEnd2EndIT
Tests run: 6, Failures: 0, Errors: 0, Skipped: 0, Time elapsed: 17.978 sec - in org.apache.phoenix.end2end.EncodeFunctionIT
Running org.apache.phoenix.end2end.FirstValueFunctionIT
Tests run: 2, Failures: 0, Errors: 0, Skipped: 0, Time elapsed: 17.682 sec - in org.apache.phoenix.end2end.ExecuteStatementsIT
Tests run: 3, Failures: 0, Errors: 0, Skipped: 0, Time elapsed: 15.679 sec - in org.apache.phoenix.end2end.ExpFunctionEnd2EndIT
Running org.apache.phoenix.end2end.GroupByCaseIT
Running org.apache.phoenix.end2end.GetSetByteBitFunctionEnd2EndIT
Tests run: 1, Failures: 0, Errors: 0, Skipped: 0, Time elapsed: 0.028 sec - in org.apache.phoenix.end2end.GetSetByteBitFunctionEnd2EndIT
Running org.apache.phoenix.end2end.HashJoinMoreIT
Tests run: 7, Failures: 0, Errors: 0, Skipped: 0, Time elapsed: 15.718 sec - in org.apache.phoenix.end2end.FirstValueFunctionIT
Running org.apache.phoenix.end2end.InListIT
Tests run: 24, Failures: 0, Errors: 0, Skipped: 0, Time elapsed: 79.756 sec - in org.apache.phoenix.end2end.DateTimeIT
Running org.apache.phoenix.end2end.InMemoryOrderByIT
Tests run: 10, Failures: 0, Errors: 0, Skipped: 0, Time elapsed: 22.513 sec - in org.apache.phoenix.end2end.GroupByCaseIT
Running org.apache.phoenix.end2end.InstrFunctionIT
Tests run: 8, Failures: 0, Errors: 0, Skipped: 0, Time elapsed: 22.518 sec - in org.apache.phoenix.end2end.InMemoryOrderByIT
Running org.apache.phoenix.end2end.IsNullIT
Tests run: 8, Failures: 0, Errors: 0, Skipped: 0, Time elapsed: 17.945 sec - in org.apache.phoenix.end2end.InstrFunctionIT
Running org.apache.phoenix.end2end.LastValueFunctionIT
Tests run: 3, Failures: 0, Errors: 0, Skipped: 0, Time elapsed: 6.731 sec - in org.apache.phoenix.end2end.IsNullIT
Running org.apache.phoenix.end2end.LikeExpressionIT
Tests run: 3, Failures: 0, Errors: 0, Skipped: 0, Time elapsed: 4.507 sec - in org.apache.phoenix.end2end.LikeExpressionIT
Running org.apache.phoenix.end2end.LnLogFunctionEnd2EndIT
Tests run: 8, Failures: 0, Errors: 0, Skipped: 0, Time elapsed: 51.79 sec - in org.apache.phoenix.end2end.HashJoinMoreIT
Running org.apache.phoenix.end2end.MD5FunctionIT
Tests run: 1, Failures: 0, Errors: 0, Skipped: 0, Time elapsed: 4.567 sec - in org.apache.phoenix.end2end.LnLogFunctionEnd2EndIT
Running org.apache.phoenix.end2end.MapReduceIT
Tests run: 25, Failures: 0, Errors: 0, Skipped: 0, Time elapsed: 108.912 sec - in org.apache.phoenix.end2end.DeleteIT
Running org.apache.phoenix.end2end.MappingTableDataTypeIT
Tests run: 3, Failures: 0, Errors: 0, Skipped: 0, Time elapsed: 6.835 sec - in org.apache.phoenix.end2end.MD5FunctionIT
Running org.apache.phoenix.end2end.MinMaxAggregateFunctionIT
Tests run: 1, Failures: 0, Errors: 0, Skipped: 0, Time elapsed: 2.246 sec - in org.apache.phoenix.end2end.MinMaxAggregateFunctionIT
Running org.apache.phoenix.end2end.ModulusExpressionIT
Tests run: 1, Failures: 0, Errors: 0, Skipped: 0, Time elapsed: 9.616 sec - in org.apache.phoenix.end2end.MappingTableDataTypeIT
Running org.apache.phoenix.end2end.NamespaceSchemaMappingIT
Tests run: 11, Failures: 0, Errors: 0, Skipped: 0, Time elapsed: 24.661 sec - in org.apache.phoenix.end2end.LastValueFunctionIT
Running org.apache.phoenix.end2end.NthValueFunctionIT
Tests run: 2, Failures: 0, Errors: 0, Skipped: 0, Time elapsed: 11.39 sec - in org.apache.phoenix.end2end.MapReduceIT
Running org.apache.phoenix.end2end.OctetLengthFunctionEnd2EndIT
Tests run: 1, Failures: 0, Errors: 0, Skipped: 0, Time elapsed: 2.25 sec - in org.apache.phoenix.end2end.OctetLengthFunctionEnd2EndIT
Running org.apache.phoenix.end2end.OrderByIT
Tests run: 1, Failures: 0, Errors: 0, Skipped: 0, Time elapsed: 14.432 sec - in org.apache.phoenix.end2end.NamespaceSchemaMappingIT
Running org.apache.phoenix.end2end.PercentileIT
Tests run: 11, Failures: 0, Errors: 0, Skipped: 0, Time elapsed: 24.783 sec - in org.apache.phoenix.end2end.ModulusExpressionIT
Running org.apache.phoenix.end2end.PhoenixRuntimeIT
Tests run: 11, Failures: 0, Errors: 0, Skipped: 0, Time elapsed: 24.587 sec - in org.apache.phoenix.end2end.NthValueFunctionIT
Tests run: 8, Failures: 0, Errors: 0, Skipped: 0, Time elapsed: 22.434 sec - in org.apache.phoenix.end2end.OrderByIT
Running org.apache.phoenix.end2end.PrimitiveTypeIT
Tests run: 9, Failures: 0, Errors: 0, Skipped: 0, Time elapsed: 0.036 sec - in org.apache.phoenix.end2end.PrimitiveTypeIT
Running org.apache.phoenix.end2end.QueryExecWithoutSCNIT
Running org.apache.phoenix.end2end.PowerFunctionEnd2EndIT
Tests run: 1, Failures: 0, Errors: 0, Skipped: 0, Time elapsed: 0.097 sec - in org.apache.phoenix.end2end.PowerFunctionEnd2EndIT
Running org.apache.phoenix.end2end.QueryMoreIT
Tests run: 1, Failures: 0, Errors: 0, Skipped: 0, Time elapsed: 2.274 sec - in org.apache.phoenix.end2end.QueryExecWithoutSCNIT
Running org.apache.phoenix.end2end.RTrimFunctionIT
Tests run: 2, Failures: 0, Errors: 0, Skipped: 0, Time elapsed: 4.506 sec - in org.apache.phoenix.end2end.RTrimFunctionIT
Running org.apache.phoenix.end2end.ReadOnlyIT
Tests run: 1, Failures: 0, Errors: 0, Skipped: 0, Time elapsed: 8.663 sec - in org.apache.phoenix.end2end.ReadOnlyIT
Running org.apache.phoenix.end2end.RegexpReplaceFunctionIT
Tests run: 2, Failures: 0, Errors: 0, Skipped: 0, Time elapsed: 24.875 sec - in org.apache.phoenix.end2end.PhoenixRuntimeIT
Tests run: 2, Failures: 0, Errors: 0, Skipped: 0, Time elapsed: 4.507 sec - in org.apache.phoenix.end2end.RegexpReplaceFunctionIT
Running org.apache.phoenix.end2end.RegexpSubstrFunctionIT
Running org.apache.phoenix.end2end.RegexpSplitFunctionIT
Tests run: 12, Failures: 0, Errors: 0, Skipped: 0, Time elapsed: 1.328 sec - in org.apache.phoenix.end2end.RegexpSplitFunctionIT
Tests run: 17, Failures: 0, Errors: 0, Skipped: 0, Time elapsed: 37.221 sec - in org.apache.phoenix.end2end.PercentileIT
Running org.apache.phoenix.end2end.ReverseFunctionIT
Running org.apache.phoenix.end2end.ReverseScanIT
Tests run: 2, Failures: 0, Errors: 0, Skipped: 0, Time elapsed: 4.501 sec - in org.apache.phoenix.end2end.RegexpSubstrFunctionIT
Running org.apache.phoenix.end2end.RoundFloorCeilFunctionsEnd2EndIT
Tests run: 33, Failures: 0, Errors: 0, Skipped: 0, Time elapsed: 6.967 sec - in org.apache.phoenix.end2end.RoundFloorCeilFunctionsEnd2EndIT
Running org.apache.phoenix.end2end.SerialIteratorsIT
Tests run: 6, Failures: 0, Errors: 0, Skipped: 0, Time elapsed: 31.723 sec - in org.apache.phoenix.end2end.QueryMoreIT
Running org.apache.phoenix.end2end.ServerExceptionIT
Tests run: 1, Failures: 0, Errors: 0, Skipped: 0, Time elapsed: 2.264 sec - in org.apache.phoenix.end2end.SerialIteratorsIT
Tests run: 5, Failures: 0, Errors: 0, Skipped: 0, Time elapsed: 11.167 sec - in org.apache.phoenix.end2end.ReverseFunctionIT
Running org.apache.phoenix.end2end.SkipScanAfterManualSplitIT
Tests run: 4, Failures: 0, Errors: 0, Skipped: 0, Time elapsed: 11.27 sec - in org.apache.phoenix.end2end.ReverseScanIT
Running org.apache.phoenix.end2end.SkipScanQueryIT
Tests run: 1, Failures: 0, Errors: 0, Skipped: 0, Time elapsed: 2.274 sec - in org.apache.phoenix.end2end.ServerExceptionIT
Running org.apache.phoenix.end2end.SortMergeJoinMoreIT
Running org.apache.phoenix.end2end.SignFunctionEnd2EndIT
Tests run: 2, Failures: 0, Errors: 0, Skipped: 0, Time elapsed: 0.066 sec - in org.apache.phoenix.end2end.SignFunctionEnd2EndIT
Running org.apache.phoenix.end2end.SortOrderIT
Tests run: 3, Failures: 0, Errors: 0, Skipped: 0, Time elapsed: 20.906 sec - in org.apache.phoenix.end2end.SkipScanAfterManualSplitIT
Running org.apache.phoenix.end2end.SpooledOrderByIT
Tests run: 4, Failures: 0, Errors: 0, Skipped: 0, Time elapsed: 22.706 sec - in org.apache.phoenix.end2end.SortMergeJoinMoreIT
Running org.apache.phoenix.end2end.SpooledTmpFileDeleteIT
Tests run: 1, Failures: 0, Errors: 0, Skipped: 0, Time elapsed: 2.28 sec - in org.apache.phoenix.end2end.SpooledTmpFileDeleteIT
Running org.apache.phoenix.end2end.SqrtFunctionEnd2EndIT
Tests run: 12, Failures: 0, Errors: 0, Skipped: 0, Time elapsed: 26.881 sec - in org.apache.phoenix.end2end.SkipScanQueryIT
Running org.apache.phoenix.end2end.StatementHintsIT
Tests run: 2, Failures: 0, Errors: 0, Skipped: 0, Time elapsed: 2.261 sec - in org.apache.phoenix.end2end.StatementHintsIT
Running org.apache.phoenix.end2end.StddevIT
Tests run: 2, Failures: 0, Errors: 0, Skipped: 0, Time elapsed: 8.99 sec - in org.apache.phoenix.end2end.SqrtFunctionEnd2EndIT
Tests run: 4, Failures: 0, Errors: 0, Skipped: 0, Time elapsed: 8.983 sec - in org.apache.phoenix.end2end.StddevIT
Running org.apache.phoenix.end2end.StringIT
Running org.apache.phoenix.end2end.StoreNullsIT
Tests run: 8, Failures: 0, Errors: 0, Skipped: 0, Time elapsed: 22.469 sec - in org.apache.phoenix.end2end.SpooledOrderByIT
Running org.apache.phoenix.end2end.StringToArrayFunctionIT
Tests run: 3, Failures: 0, Errors: 0, Skipped: 0, Time elapsed: 12.941 sec - in org.apache.phoenix.end2end.StoreNullsIT
Running org.apache.phoenix.end2end.TenantIdTypeIT
Tests run: 22, Failures: 0, Errors: 0, Skipped: 0, Time elapsed: 13.468 sec - in org.apache.phoenix.end2end.StringToArrayFunctionIT
Running org.apache.phoenix.end2end.TenantSpecificViewIndexIT
Tests run: 13, Failures: 0, Errors: 0, Skipped: 0, Time elapsed: 55.946 sec - in org.apache.phoenix.end2end.StringIT
Running org.apache.phoenix.end2end.TenantSpecificViewIndexSaltedIT
Tests run: 15, Failures: 0, Errors: 0, Skipped: 0, Time elapsed: 66.273 sec - in org.apache.phoenix.end2end.TenantIdTypeIT
Running org.apache.phoenix.end2end.TimezoneOffsetFunctionIT
Tests run: 9, Failures: 0, Errors: 0, Skipped: 0, Time elapsed: 66.319 sec - in org.apache.phoenix.end2end.TenantSpecificViewIndexIT
Running org.apache.phoenix.end2end.ToCharFunctionIT
Tests run: 4, Failures: 0, Errors: 0, Skipped: 0, Time elapsed: 30.871 sec - in org.apache.phoenix.end2end.TenantSpecificViewIndexSaltedIT
Running org.apache.phoenix.end2end.ToDateFunctionIT
Tests run: 45, Failures: 0, Errors: 0, Skipped: 0, Time elapsed: 123.612 sec - in org.apache.phoenix.end2end.SortOrderIT
Running org.apache.phoenix.end2end.UpgradeIT
Tests run: 12, Failures: 0, Errors: 0, Skipped: 0, Time elapsed: 6.778 sec - in org.apache.phoenix.end2end.ToDateFunctionIT
Running org.apache.phoenix.end2end.UpsertBigValuesIT
Tests run: 7, Failures: 0, Errors: 0, Skipped: 0, Time elapsed: 15.676 sec - in org.apache.phoenix.end2end.TimezoneOffsetFunctionIT
Running org.apache.phoenix.end2end.UpsertSelectAutoCommitIT
Tests run: 4, Failures: 0, Errors: 0, Skipped: 0, Time elapsed: 9.038 sec - in org.apache.phoenix.end2end.UpsertBigValuesIT
Running org.apache.phoenix.end2end.UseSchemaIT
Tests run: 3, Failures: 0, Errors: 0, Skipped: 0, Time elapsed: 11.246 sec - in org.apache.phoenix.end2end.UpsertSelectAutoCommitIT
Running org.apache.phoenix.end2end.index.DropMetadataIT
Tests run: 12, Failures: 0, Errors: 0, Skipped: 0, Time elapsed: 33.566 sec - in org.apache.phoenix.end2end.ToCharFunctionIT
Running org.apache.phoenix.end2end.index.GlobalIndexOptimizationIT
Tests run: 4, Failures: 0, Errors: 0, Skipped: 0, Time elapsed: 22.06 sec - in org.apache.phoenix.end2end.UseSchemaIT
Running org.apache.phoenix.end2end.index.ImmutableIndexIT
Tests run: 4, Failures: 0, Errors: 0, Skipped: 0, Time elapsed: 35.946 sec - in org.apache.phoenix.end2end.index.DropMetadataIT
Running org.apache.phoenix.end2end.index.IndexExpressionIT
Tests run: 6, Failures: 0, Errors: 0, Skipped: 0, Time elapsed: 33.813 sec - in org.apache.phoenix.end2end.index.GlobalIndexOptimizationIT
Running org.apache.phoenix.end2end.index.IndexIT
Tests run: 12, Failures: 0, Errors: 0, Skipped: 4, Time elapsed: 68.217 sec - in org.apache.phoenix.end2end.index.ImmutableIndexIT
Running org.apache.phoenix.end2end.index.IndexMetadataIT
Tests run: 7, Failures: 0, Errors: 0, Skipped: 0, Time elapsed: 43.021 sec - in org.apache.phoenix.end2end.index.IndexMetadataIT
Running org.apache.phoenix.end2end.index.LocalIndexIT
Tests run: 8, Failures: 0, Errors: 0, Skipped: 0, Time elapsed: 192.957 sec - in org.apache.phoenix.end2end.UpgradeIT
Running org.apache.phoenix.end2end.index.MutableIndexIT
Tests run: 28, Failures: 0, Errors: 0, Skipped: 0, Time elapsed: 621.942 sec - in org.apache.phoenix.end2end.InListIT
Running org.apache.phoenix.end2end.index.SaltedIndexIT
Tests run: 3, Failures: 0, Errors: 0, Skipped: 0, Time elapsed: 13.906 sec - in org.apache.phoenix.end2end.index.SaltedIndexIT
Running org.apache.phoenix.end2end.index.ViewIndexIT
Tests run: 6, Failures: 0, Errors: 0, Skipped: 0, Time elapsed: 53.918 sec - in org.apache.phoenix.end2end.index.ViewIndexIT
Running org.apache.phoenix.end2end.index.txn.MutableRollbackIT
Tests run: 62, Failures: 0, Errors: 0, Skipped: 0, Time elapsed: 420.119 sec - in org.apache.phoenix.end2end.index.IndexExpressionIT
Running org.apache.phoenix.end2end.index.txn.RollbackIT
Tests run: 40, Failures: 0, Errors: 0, Skipped: 0, Time elapsed: 348.627 sec - in org.apache.phoenix.end2end.index.LocalIndexIT
Running org.apache.phoenix.end2end.salted.SaltedTableUpsertSelectIT
Tests run: 6, Failures: 0, Errors: 0, Skipped: 0, Time elapsed: 67.928 sec - in org.apache.phoenix.end2end.index.txn.MutableRollbackIT
Running org.apache.phoenix.end2end.salted.SaltedTableVarLengthRowKeyIT
Tests run: 1, Failures: 0, Errors: 0, Skipped: 0, Time elapsed: 2.253 sec - in org.apache.phoenix.end2end.salted.SaltedTableVarLengthRowKeyIT
Running org.apache.phoenix.iterate.PhoenixQueryTimeoutIT
Tests run: 2, Failures: 0, Errors: 0, Skipped: 0, Time elapsed: 0.053 sec - in org.apache.phoenix.iterate.PhoenixQueryTimeoutIT
Running org.apache.phoenix.iterate.RoundRobinResultIteratorIT
Tests run: 6, Failures: 0, Errors: 0, Skipped: 0, Time elapsed: 23.903 sec - in org.apache.phoenix.end2end.salted.SaltedTableUpsertSelectIT
Running org.apache.phoenix.rpc.UpdateCacheIT
Tests run: 8, Failures: 0, Errors: 0, Skipped: 0, Time elapsed: 53.648 sec - in org.apache.phoenix.end2end.index.txn.RollbackIT
Running org.apache.phoenix.trace.PhoenixTableMetricsWriterIT
Tests run: 2, Failures: 0, Errors: 0, Skipped: 0, Time elapsed: 1.276 sec - in org.apache.phoenix.trace.PhoenixTableMetricsWriterIT
Running org.apache.phoenix.trace.PhoenixTraceReaderIT
Tests run: 2, Failures: 0, Errors: 0, Skipped: 0, Time elapsed: 0.048 sec - in org.apache.phoenix.trace.PhoenixTraceReaderIT
Running org.apache.phoenix.trace.PhoenixTracingEndToEndIT
Tests run: 7, Failures: 0, Errors: 0, Skipped: 0, Time elapsed: 27.041 sec - in org.apache.phoenix.rpc.UpdateCacheIT
Running org.apache.phoenix.tx.TransactionIT
Tests run: 9, Failures: 0, Errors: 0, Skipped: 0, Time elapsed: 49.44 sec - in org.apache.phoenix.iterate.RoundRobinResultIteratorIT
Running org.apache.phoenix.tx.TxCheckpointIT
Tests run: 6, Failures: 0, Errors: 0, Skipped: 0, Time elapsed: 81.382 sec - in org.apache.phoenix.trace.PhoenixTracingEndToEndIT
Tests run: 21, Failures: 0, Errors: 0, Skipped: 1, Time elapsed: 144.194 sec - in org.apache.phoenix.tx.TransactionIT
Tests run: 20, Failures: 0, Errors: 0, Skipped: 0, Time elapsed: 141.12 sec - in org.apache.phoenix.tx.TxCheckpointIT
Tests run: 40, Failures: 0, Errors: 0, Skipped: 0, Time elapsed: 539.189 sec - in org.apache.phoenix.end2end.index.MutableIndexIT

Results :

Tests run: 1068, Failures: 0, Errors: 0, Skipped: 5

[INFO] 
[INFO] --- maven-failsafe-plugin:2.19.1:verify (HBaseManagedTimeTableReuseTest) @ phoenix-core ---
[INFO] ------------------------------------------------------------------------
[INFO] Reactor Summary:
[INFO] 
[INFO] Apache Phoenix ..................................... SUCCESS [  1.275 s]
[INFO] Phoenix Core ....................................... FAILURE [20:56 min]
[INFO] Phoenix - Flume .................................... SKIPPED
[INFO] Phoenix - Pig ...................................... SKIPPED
[INFO] Phoenix Query Server Client ........................ SKIPPED
[INFO] Phoenix Query Server ............................... SKIPPED
[INFO] Phoenix - Pherf .................................... SKIPPED
[INFO] Phoenix - Spark .................................... SKIPPED
[INFO] Phoenix - Hive ..................................... SKIPPED
[INFO] Phoenix Client ..................................... SKIPPED
[INFO] Phoenix Server ..................................... SKIPPED
[INFO] Phoenix Assembly ................................... SKIPPED
[INFO] Phoenix - Tracing Web Application .................. SKIPPED
[INFO] ------------------------------------------------------------------------
[INFO] BUILD FAILURE
[INFO] ------------------------------------------------------------------------
[INFO] Total time: 20:58 min
[INFO] Finished at: 2016-08-02T13:32:09-07:00
[INFO] Final Memory: 80M/1511M
[INFO] ------------------------------------------------------------------------
[ERROR] Failed to execute goal org.apache.maven.plugins:maven-failsafe-plugin:2.19.1:verify (HBaseManagedTimeTableReuseTest) on project phoenix-core: There was a timeout or other error in the fork -> [Help 1]
[ERROR] 
[ERROR] To see the full stack trace of the errors, re-run Maven with the -e switch.
[ERROR] Re-run Maven using the -X switch to enable full debug logging.
[ERROR] 
[ERROR] For more information about the errors and possible solutions, please read the following articles:
[ERROR] [Help 1] http://cwiki.apache.org/confluence/display/MAVEN/MojoExecutionException
[ERROR] 
[ERROR] After correcting the problems, you can resume the build with the command
[ERROR]   mvn <goals> -rf :phoenix-core
